<?xml version="1.0" encoding="UTF-8"?>
<!-- Generated by org.testng.reporters.JUnitReportReporter -->
<testsuite hostname="LAPTOP-7LIG75FJ" failures="0" tests="1" name="org.selenium.FirstTest" time="5.519" errors="0" timestamp="19 Feb 2022 18:38:24 GMT" skipped="0">
  <testcase classname="org.selenium.FirstTest" name="dummyTest" time="5.519"/>
</testsuite> <!-- org.selenium.FirstTest -->
